<?xml version="1.0" encoding="UTF-8"?>
<!-- Generated by org.testng.reporters.JUnitXMLReporter -->
<testsuite hostname="asd1545po01976" name="Default test" tests="7" failures="0" timestamp="20 Jun 2018 04:21:20 GMT" time="5.173" errors="0">
  <testcase name="test_grid_red_box" time="1.819" classname="com.qait.automation.Tatocautomation.Alltest"/>
  <testcase name="test_grid_green_box" time="0.245" classname="com.qait.automation.Tatocautomation.Alltest"/>
  <testcase name="test_without_repaint_box" time="0.253" classname="com.qait.automation.Tatocautomation.Alltest"/>
  <testcase name="test_repaint_box" time="1.284" classname="com.qait.automation.Tatocautomation.Alltest"/>
  <testcase name="click_proceed_without_draging" time="0.179" classname="com.qait.automation.Tatocautomation.Alltest"/>
  <testcase name="dragbox_to_somewhere" time="0.245" classname="com.qait.automation.Tatocautomation.Alltest"/>
  <testcase name="dragbox_in_dropbox" time="0.285" classname="com.qait.automation.Tatocautomation.Alltest"/>
</testsuite> <!-- Default test -->
