<?xml version="1.0" encoding="UTF-8"?>
<testng-results skipped="0" failed="0" total="6" passed="6">
  <reporter-output>
  </reporter-output>
  <suite name="com.qait.automation.Tatocautomation.Alltest" duration-ms="15841" started-at="2018-06-19T17:18:08Z" finished-at="2018-06-19T17:18:24Z">
    <groups>
    </groups>
    <test name="Command line test" duration-ms="15841" started-at="2018-06-19T17:18:08Z" finished-at="2018-06-19T17:18:24Z">
      <class name="com.qait.automation.Tatocautomation.Alltest">
        <test-method status="PASS" signature="start()[pri:0, instance:com.qait.automation.Tatocautomation.Alltest@6e8dacdf]" name="start" is-config="true" duration-ms="3265" started-at="2018-06-19T22:48:08Z" finished-at="2018-06-19T22:48:12Z">
          <reporter-output>
          </reporter-output>
        </test-method> <!-- start -->
        <test-method status="PASS" signature="test_grid_red_box()[pri:0, instance:com.qait.automation.Tatocautomation.Alltest@6e8dacdf]" name="test_grid_red_box" duration-ms="1266" started-at="2018-06-19T22:48:12Z" finished-at="2018-06-19T22:48:13Z">
          <reporter-output>
          </reporter-output>
        </test-method> <!-- test_grid_red_box -->
        <test-method status="PASS" signature="test_grid_green_box()[pri:0, instance:com.qait.automation.Tatocautomation.Alltest@6e8dacdf]" name="test_grid_green_box" duration-ms="488" started-at="2018-06-19T22:48:13Z" depends-on-methods="com.qait.automation.Tatocautomation.Alltest.test_grid_red_box" finished-at="2018-06-19T22:48:13Z">
          <reporter-output>
          </reporter-output>
        </test-method> <!-- test_grid_green_box -->
        <test-method status="PASS" signature="test_without_repaint_box()[pri:0, instance:com.qait.automation.Tatocautomation.Alltest@6e8dacdf]" name="test_without_repaint_box" duration-ms="399" started-at="2018-06-19T22:48:13Z" depends-on-methods="com.qait.automation.Tatocautomation.Alltest.test_grid_green_box" finished-at="2018-06-19T22:48:14Z">
          <reporter-output>
          </reporter-output>
        </test-method> <!-- test_without_repaint_box -->
        <test-method status="PASS" signature="test_repaint_box()[pri:0, instance:com.qait.automation.Tatocautomation.Alltest@6e8dacdf]" name="test_repaint_box" duration-ms="9719" started-at="2018-06-19T22:48:14Z" depends-on-methods="com.qait.automation.Tatocautomation.Alltest.test_without_repaint_box" finished-at="2018-06-19T22:48:23Z">
          <reporter-output>
          </reporter-output>
        </test-method> <!-- test_repaint_box -->
        <test-method status="PASS" signature="click_proceed_without_draging()[pri:0, instance:com.qait.automation.Tatocautomation.Alltest@6e8dacdf]" name="click_proceed_without_draging" duration-ms="249" started-at="2018-06-19T22:48:23Z" depends-on-methods="com.qait.automation.Tatocautomation.Alltest.test_repaint_box" finished-at="2018-06-19T22:48:24Z">
          <reporter-output>
          </reporter-output>
        </test-method> <!-- click_proceed_without_draging -->
        <test-method status="PASS" signature="dragbox_to_somewhere()[pri:0, instance:com.qait.automation.Tatocautomation.Alltest@6e8dacdf]" name="dragbox_to_somewhere" duration-ms="440" started-at="2018-06-19T22:48:24Z" depends-on-methods="com.qait.automation.Tatocautomation.Alltest.click_proceed_without_draging" finished-at="2018-06-19T22:48:24Z">
          <reporter-output>
          </reporter-output>
        </test-method> <!-- dragbox_to_somewhere -->
      </class> <!-- com.qait.automation.Tatocautomation.Alltest -->
    </test> <!-- Command line test -->
  </suite> <!-- com.qait.automation.Tatocautomation.Alltest -->
</testng-results>
