<?xml version="1.0" encoding="UTF-8"?>
<testng-results skipped="0" failed="0" total="5" passed="5">
  <reporter-output>
  </reporter-output>
  <suite name="Surefire suite" duration-ms="1505" started-at="2018-06-19T04:16:56Z" finished-at="2018-06-19T04:16:58Z">
    <groups>
    </groups>
    <test name="Surefire test" duration-ms="1505" started-at="2018-06-19T04:16:56Z" finished-at="2018-06-19T04:16:58Z">
      <class name="com.qait.automation.Tatocautomation.Tatoc">
        <test-method status="PASS" signature="greenBox()[pri:0, instance:com.qait.automation.Tatocautomation.Tatoc@e4487af]" name="greenBox" duration-ms="177" started-at="2018-06-19T09:46:56Z" finished-at="2018-06-19T09:46:56Z">
          <reporter-output>
          </reporter-output>
        </test-method> <!-- greenBox -->
        <test-method status="PASS" signature="frameDungeon()[pri:0, instance:com.qait.automation.Tatocautomation.Tatoc@e4487af]" name="frameDungeon" duration-ms="512" started-at="2018-06-19T09:46:56Z" depends-on-methods="com.qait.automation.Tatocautomation.Tatoc.greenBox" finished-at="2018-06-19T09:46:57Z">
          <reporter-output>
          </reporter-output>
        </test-method> <!-- frameDungeon -->
        <test-method status="PASS" signature="drag()[pri:0, instance:com.qait.automation.Tatocautomation.Tatoc@e4487af]" name="drag" duration-ms="269" started-at="2018-06-19T09:46:57Z" depends-on-methods="com.qait.automation.Tatocautomation.Tatoc.frameDungeon" finished-at="2018-06-19T09:46:57Z">
          <reporter-output>
          </reporter-output>
        </test-method> <!-- drag -->
        <test-method status="PASS" signature="popup()[pri:0, instance:com.qait.automation.Tatocautomation.Tatoc@e4487af]" name="popup" duration-ms="346" started-at="2018-06-19T09:46:57Z" depends-on-methods="com.qait.automation.Tatocautomation.Tatoc.drag" finished-at="2018-06-19T09:46:58Z">
          <reporter-output>
          </reporter-output>
        </test-method> <!-- popup -->
        <test-method status="PASS" signature="cookie()[pri:0, instance:com.qait.automation.Tatocautomation.Tatoc@e4487af]" name="cookie" duration-ms="193" started-at="2018-06-19T09:46:58Z" depends-on-methods="com.qait.automation.Tatocautomation.Tatoc.popup" finished-at="2018-06-19T09:46:58Z">
          <reporter-output>
          </reporter-output>
        </test-method> <!-- cookie -->
      </class> <!-- com.qait.automation.Tatocautomation.Tatoc -->
    </test> <!-- Surefire test -->
  </suite> <!-- Surefire suite -->
</testng-results>
