<?xml version="1.0" encoding="UTF-8"?>
<!-- Generated by org.testng.reporters.JUnitXMLReporter -->
<testsuite hostname="HIM" name="Command line test" tests="6" failures="0" timestamp="19 Jun 2018 17:18:24 GMT" time="15.841" errors="0">
  <testcase name="test_grid_red_box" time="1.266" classname="com.qait.automation.Tatocautomation.Alltest"/>
  <testcase name="test_grid_green_box" time="0.488" classname="com.qait.automation.Tatocautomation.Alltest"/>
  <testcase name="test_without_repaint_box" time="0.399" classname="com.qait.automation.Tatocautomation.Alltest"/>
  <testcase name="test_repaint_box" time="9.719" classname="com.qait.automation.Tatocautomation.Alltest"/>
  <testcase name="click_proceed_without_draging" time="0.249" classname="com.qait.automation.Tatocautomation.Alltest"/>
  <testcase name="dragbox_to_somewhere" time="0.44" classname="com.qait.automation.Tatocautomation.Alltest"/>
</testsuite> <!-- Command line test -->
